[2019-06-23 21:32:27,690] TRACE [Controller id=0 epoch=2] Changed partition ws-spark-0 state from NonExistentPartition to NewPartition with assigned replicas 0 (state.change.logger)
[2019-06-23 21:32:27,690] TRACE [Controller id=0 epoch=2] Changed state of replica 0 for partition ws-spark-0 from NonExistentReplica to NewReplica (state.change.logger)
[2019-06-23 21:32:27,723] TRACE [Controller id=0 epoch=2] Changed partition ws-spark-0 from NewPartition to OnlinePartition with state LeaderAndIsr(leader=0, leaderEpoch=0, isr=List(0), zkVersion=0) (state.change.logger)
[2019-06-23 21:32:27,723] TRACE [Controller id=0 epoch=2] Sending become-leader LeaderAndIsr request PartitionState(controllerEpoch=2, leader=0, leaderEpoch=0, isr=0, zkVersion=0, replicas=0, isNew=true) to broker 0 for partition ws-spark-0 (state.change.logger)
[2019-06-23 21:32:27,723] TRACE [Controller id=0 epoch=2] Sending UpdateMetadata request PartitionState(controllerEpoch=2, leader=0, leaderEpoch=0, isr=[0], zkVersion=0, replicas=[0], offlineReplicas=[]) to brokers Set(0) for partition ws-spark-0 (state.change.logger)
[2019-06-23 21:32:27,723] TRACE [Controller id=0 epoch=2] Changed state of replica 0 for partition ws-spark-0 from NewReplica to OnlineReplica (state.change.logger)
[2019-06-23 21:32:27,727] TRACE [Broker id=0] Received LeaderAndIsr request PartitionState(controllerEpoch=2, leader=0, leaderEpoch=0, isr=0, zkVersion=0, replicas=0, isNew=true) correlation id 11 from controller 0 epoch 2 for partition ws-spark-0 (state.change.logger)
[2019-06-23 21:32:27,728] TRACE [Broker id=0] Handling LeaderAndIsr request correlationId 11 from controller 0 epoch 2 starting the become-leader transition for partition ws-spark-0 (state.change.logger)
[2019-06-23 21:32:27,780] TRACE [Broker id=0] Stopped fetchers as part of become-leader request from controller 0 epoch 2 with correlation id 11 for partition ws-spark-0 (last update controller epoch 2) (state.change.logger)
[2019-06-23 21:32:27,780] TRACE [Broker id=0] Completed LeaderAndIsr request correlationId 11 from controller 0 epoch 2 for the become-leader transition for partition ws-spark-0 (state.change.logger)
[2019-06-23 21:32:27,780] TRACE [Controller id=0 epoch=2] Received response {error_code=0,partitions=[{topic=ws-spark,partition=0,error_code=0}]} for request LEADER_AND_ISR with correlation id 11 sent to broker 220.67.124.122:9092 (id: 0 rack: null) (state.change.logger)
[2019-06-23 21:32:27,781] TRACE [Broker id=0] Cached leader info PartitionState(controllerEpoch=2, leader=0, leaderEpoch=0, isr=[0], zkVersion=0, replicas=[0], offlineReplicas=[]) for partition ws-spark-0 in response to UpdateMetadata request sent by controller 0 epoch 2 with correlation id 12 (state.change.logger)
[2019-06-23 21:32:27,782] TRACE [Controller id=0 epoch=2] Received response {error_code=0} for request UPDATE_METADATA with correlation id 12 sent to broker 220.67.124.122:9092 (id: 0 rack: null) (state.change.logger)
[2019-06-23 21:32:44,196] TRACE [Controller id=0 epoch=2] Changed partition spark-ws-0 state from NonExistentPartition to NewPartition with assigned replicas 0 (state.change.logger)
[2019-06-23 21:32:44,196] TRACE [Controller id=0 epoch=2] Changed state of replica 0 for partition spark-ws-0 from NonExistentReplica to NewReplica (state.change.logger)
[2019-06-23 21:32:44,229] TRACE [Controller id=0 epoch=2] Changed partition spark-ws-0 from NewPartition to OnlinePartition with state LeaderAndIsr(leader=0, leaderEpoch=0, isr=List(0), zkVersion=0) (state.change.logger)
[2019-06-23 21:32:44,229] TRACE [Controller id=0 epoch=2] Sending become-leader LeaderAndIsr request PartitionState(controllerEpoch=2, leader=0, leaderEpoch=0, isr=0, zkVersion=0, replicas=0, isNew=true) to broker 0 for partition spark-ws-0 (state.change.logger)
[2019-06-23 21:32:44,229] TRACE [Controller id=0 epoch=2] Sending UpdateMetadata request PartitionState(controllerEpoch=2, leader=0, leaderEpoch=0, isr=[0], zkVersion=0, replicas=[0], offlineReplicas=[]) to brokers Set(0) for partition spark-ws-0 (state.change.logger)
[2019-06-23 21:32:44,230] TRACE [Controller id=0 epoch=2] Changed state of replica 0 for partition spark-ws-0 from NewReplica to OnlineReplica (state.change.logger)
[2019-06-23 21:32:44,230] TRACE [Broker id=0] Received LeaderAndIsr request PartitionState(controllerEpoch=2, leader=0, leaderEpoch=0, isr=0, zkVersion=0, replicas=0, isNew=true) correlation id 13 from controller 0 epoch 2 for partition spark-ws-0 (state.change.logger)
[2019-06-23 21:32:44,232] TRACE [Broker id=0] Handling LeaderAndIsr request correlationId 13 from controller 0 epoch 2 starting the become-leader transition for partition spark-ws-0 (state.change.logger)
[2019-06-23 21:32:44,288] TRACE [Broker id=0] Stopped fetchers as part of become-leader request from controller 0 epoch 2 with correlation id 13 for partition spark-ws-0 (last update controller epoch 2) (state.change.logger)
[2019-06-23 21:32:44,288] TRACE [Broker id=0] Completed LeaderAndIsr request correlationId 13 from controller 0 epoch 2 for the become-leader transition for partition spark-ws-0 (state.change.logger)
[2019-06-23 21:32:44,289] TRACE [Controller id=0 epoch=2] Received response {error_code=0,partitions=[{topic=spark-ws,partition=0,error_code=0}]} for request LEADER_AND_ISR with correlation id 13 sent to broker 220.67.124.122:9092 (id: 0 rack: null) (state.change.logger)
[2019-06-23 21:32:44,290] TRACE [Broker id=0] Cached leader info PartitionState(controllerEpoch=2, leader=0, leaderEpoch=0, isr=[0], zkVersion=0, replicas=[0], offlineReplicas=[]) for partition spark-ws-0 in response to UpdateMetadata request sent by controller 0 epoch 2 with correlation id 14 (state.change.logger)
[2019-06-23 21:32:44,291] TRACE [Controller id=0 epoch=2] Received response {error_code=0} for request UPDATE_METADATA with correlation id 14 sent to broker 220.67.124.122:9092 (id: 0 rack: null) (state.change.logger)
[2019-06-23 21:33:43,036] TRACE [Controller id=0 epoch=2] Changed partition purchaseData-0 state from NonExistentPartition to NewPartition with assigned replicas 0 (state.change.logger)
[2019-06-23 21:33:43,036] TRACE [Controller id=0 epoch=2] Changed state of replica 0 for partition purchaseData-0 from NonExistentReplica to NewReplica (state.change.logger)
[2019-06-23 21:33:43,068] TRACE [Controller id=0 epoch=2] Changed partition purchaseData-0 from NewPartition to OnlinePartition with state LeaderAndIsr(leader=0, leaderEpoch=0, isr=List(0), zkVersion=0) (state.change.logger)
[2019-06-23 21:33:43,069] TRACE [Controller id=0 epoch=2] Sending become-leader LeaderAndIsr request PartitionState(controllerEpoch=2, leader=0, leaderEpoch=0, isr=0, zkVersion=0, replicas=0, isNew=true) to broker 0 for partition purchaseData-0 (state.change.logger)
[2019-06-23 21:33:43,069] TRACE [Controller id=0 epoch=2] Sending UpdateMetadata request PartitionState(controllerEpoch=2, leader=0, leaderEpoch=0, isr=[0], zkVersion=0, replicas=[0], offlineReplicas=[]) to brokers Set(0) for partition purchaseData-0 (state.change.logger)
[2019-06-23 21:33:43,070] TRACE [Controller id=0 epoch=2] Changed state of replica 0 for partition purchaseData-0 from NewReplica to OnlineReplica (state.change.logger)
[2019-06-23 21:33:43,070] TRACE [Broker id=0] Received LeaderAndIsr request PartitionState(controllerEpoch=2, leader=0, leaderEpoch=0, isr=0, zkVersion=0, replicas=0, isNew=true) correlation id 15 from controller 0 epoch 2 for partition purchaseData-0 (state.change.logger)
[2019-06-23 21:33:43,071] TRACE [Broker id=0] Handling LeaderAndIsr request correlationId 15 from controller 0 epoch 2 starting the become-leader transition for partition purchaseData-0 (state.change.logger)
[2019-06-23 21:33:43,117] TRACE [Broker id=0] Stopped fetchers as part of become-leader request from controller 0 epoch 2 with correlation id 15 for partition purchaseData-0 (last update controller epoch 2) (state.change.logger)
[2019-06-23 21:33:43,117] TRACE [Broker id=0] Completed LeaderAndIsr request correlationId 15 from controller 0 epoch 2 for the become-leader transition for partition purchaseData-0 (state.change.logger)
[2019-06-23 21:33:43,117] TRACE [Controller id=0 epoch=2] Received response {error_code=0,partitions=[{topic=purchaseData,partition=0,error_code=0}]} for request LEADER_AND_ISR with correlation id 15 sent to broker 220.67.124.122:9092 (id: 0 rack: null) (state.change.logger)
[2019-06-23 21:33:43,118] TRACE [Broker id=0] Cached leader info PartitionState(controllerEpoch=2, leader=0, leaderEpoch=0, isr=[0], zkVersion=0, replicas=[0], offlineReplicas=[]) for partition purchaseData-0 in response to UpdateMetadata request sent by controller 0 epoch 2 with correlation id 16 (state.change.logger)
[2019-06-23 21:33:43,119] TRACE [Controller id=0 epoch=2] Received response {error_code=0} for request UPDATE_METADATA with correlation id 16 sent to broker 220.67.124.122:9092 (id: 0 rack: null) (state.change.logger)
