Spark Command: /usr/lib/jvm/java-8-oracle//bin/java -cp /home/ice/spark/conf/:/home/ice/spark/jars/* -Xmx1g org.apache.spark.deploy.worker.Worker --webui-port 8084 spark://ice-PMBSB09A-Samsung-DeskTop:7077
========================================
2019-06-23 19:34:35 INFO  Worker:2566 - Started daemon with process name: 10499@ice-PMBSB09A-Samsung-DeskTop
2019-06-23 19:34:35 INFO  SignalUtils:54 - Registered signal handler for TERM
2019-06-23 19:34:35 INFO  SignalUtils:54 - Registered signal handler for HUP
2019-06-23 19:34:35 INFO  SignalUtils:54 - Registered signal handler for INT
2019-06-23 19:34:35 WARN  Utils:66 - Your hostname, ice-PMBSB09A-Samsung-DeskTop resolves to a loopback address: 127.0.1.1; using 192.168.0.76 instead (on interface enp4s0)
2019-06-23 19:34:35 WARN  Utils:66 - Set SPARK_LOCAL_IP if you need to bind to another address
2019-06-23 19:34:36 WARN  NativeCodeLoader:62 - Unable to load native-hadoop library for your platform... using builtin-java classes where applicable
2019-06-23 19:34:36 INFO  SecurityManager:54 - Changing view acls to: ice
2019-06-23 19:34:36 INFO  SecurityManager:54 - Changing modify acls to: ice
2019-06-23 19:34:36 INFO  SecurityManager:54 - Changing view acls groups to: 
2019-06-23 19:34:36 INFO  SecurityManager:54 - Changing modify acls groups to: 
2019-06-23 19:34:36 INFO  SecurityManager:54 - SecurityManager: authentication disabled; ui acls disabled; users  with view permissions: Set(ice); groups with view permissions: Set(); users  with modify permissions: Set(ice); groups with modify permissions: Set()
2019-06-23 19:34:36 INFO  Utils:54 - Successfully started service 'sparkWorker' on port 34423.
2019-06-23 19:34:36 INFO  Worker:54 - Starting Spark worker 192.168.0.76:34423 with 1 cores, 1024.0 MB RAM
2019-06-23 19:34:36 INFO  Worker:54 - Running Spark version 2.4.0
2019-06-23 19:34:36 INFO  Worker:54 - Spark home: /home/ice/spark
2019-06-23 19:34:36 INFO  log:192 - Logging initialized @1002ms
2019-06-23 19:34:36 INFO  Server:351 - jetty-9.3.z-SNAPSHOT, build timestamp: unknown, git hash: unknown
2019-06-23 19:34:36 INFO  Server:419 - Started @1042ms
2019-06-23 19:34:36 INFO  AbstractConnector:278 - Started ServerConnector@3f20879c{HTTP/1.1,[http/1.1]}{0.0.0.0:8084}
2019-06-23 19:34:36 INFO  Utils:54 - Successfully started service 'WorkerUI' on port 8084.
2019-06-23 19:34:36 INFO  ContextHandler:781 - Started o.s.j.s.ServletContextHandler@22575b36{/logPage,null,AVAILABLE,@Spark}
2019-06-23 19:34:36 INFO  ContextHandler:781 - Started o.s.j.s.ServletContextHandler@58edb1a3{/logPage/json,null,AVAILABLE,@Spark}
2019-06-23 19:34:36 INFO  ContextHandler:781 - Started o.s.j.s.ServletContextHandler@7c82046f{/,null,AVAILABLE,@Spark}
2019-06-23 19:34:36 INFO  ContextHandler:781 - Started o.s.j.s.ServletContextHandler@56c480b3{/json,null,AVAILABLE,@Spark}
2019-06-23 19:34:36 INFO  ContextHandler:781 - Started o.s.j.s.ServletContextHandler@63114361{/static,null,AVAILABLE,@Spark}
2019-06-23 19:34:36 INFO  ContextHandler:781 - Started o.s.j.s.ServletContextHandler@6767f1e7{/log,null,AVAILABLE,@Spark}
2019-06-23 19:34:36 INFO  WorkerWebUI:54 - Bound WorkerWebUI to 0.0.0.0, and started at http://192.168.0.76:8084
2019-06-23 19:34:36 INFO  Worker:54 - Connecting to master ice-PMBSB09A-Samsung-DeskTop:7077...
2019-06-23 19:34:36 INFO  ContextHandler:781 - Started o.s.j.s.ServletContextHandler@3337a614{/metrics/json,null,AVAILABLE,@Spark}
2019-06-23 19:34:36 INFO  TransportClientFactory:267 - Successfully created connection to ice-PMBSB09A-Samsung-DeskTop/127.0.1.1:7077 after 18 ms (0 ms spent in bootstraps)
2019-06-23 19:34:36 INFO  Worker:54 - Successfully registered with master spark://ice-PMBSB09A-Samsung-DeskTop:7077
2019-06-23 19:34:45 INFO  Worker:54 - Asked to launch executor app-20190623193445-0000/2 for Data Fusion edge side
2019-06-23 19:34:45 INFO  SecurityManager:54 - Changing view acls to: ice
2019-06-23 19:34:45 INFO  SecurityManager:54 - Changing modify acls to: ice
2019-06-23 19:34:45 INFO  SecurityManager:54 - Changing view acls groups to: 
2019-06-23 19:34:45 INFO  SecurityManager:54 - Changing modify acls groups to: 
2019-06-23 19:34:45 INFO  SecurityManager:54 - SecurityManager: authentication disabled; ui acls disabled; users  with view permissions: Set(ice); groups with view permissions: Set(); users  with modify permissions: Set(ice); groups with modify permissions: Set()
2019-06-23 19:34:45 INFO  ExecutorRunner:54 - Launch command: "/usr/lib/jvm/java-8-oracle//bin/java" "-cp" "/home/ice/spark/conf/:/home/ice/spark/jars/*" "-Xmx1024M" "-Dspark.driver.port=35167" "org.apache.spark.executor.CoarseGrainedExecutorBackend" "--driver-url" "spark://CoarseGrainedScheduler@192.168.0.76:35167" "--executor-id" "2" "--hostname" "192.168.0.76" "--cores" "1" "--app-id" "app-20190623193445-0000" "--worker-url" "spark://Worker@192.168.0.76:34423"
2019-06-23 19:35:09 INFO  Worker:54 - Asked to kill executor app-20190623193445-0000/2
2019-06-23 19:35:09 INFO  ExecutorRunner:54 - Runner thread for executor app-20190623193445-0000/2 interrupted
2019-06-23 19:35:09 INFO  ExecutorRunner:54 - Killing process!
2019-06-23 19:35:10 INFO  Worker:54 - Executor app-20190623193445-0000/2 finished with state KILLED exitStatus 143
2019-06-23 19:35:10 INFO  ExternalShuffleBlockResolver:224 - Clean up non-shuffle files associated with the finished executor 2
2019-06-23 19:35:10 INFO  ExternalShuffleBlockResolver:229 - Executor is not registered (appId=app-20190623193445-0000, execId=2)
2019-06-23 19:35:10 INFO  ExternalShuffleBlockResolver:191 - Application app-20190623193445-0000 removed, cleanupLocalDirs = true
2019-06-23 19:35:10 INFO  Worker:54 - Cleaning up local directories for application app-20190623193445-0000
2019-06-23 19:35:14 INFO  Worker:54 - Asked to launch executor app-20190623193514-0001/2 for Data Fusion edge side
2019-06-23 19:35:14 INFO  SecurityManager:54 - Changing view acls to: ice
2019-06-23 19:35:14 INFO  SecurityManager:54 - Changing modify acls to: ice
2019-06-23 19:35:14 INFO  SecurityManager:54 - Changing view acls groups to: 
2019-06-23 19:35:14 INFO  SecurityManager:54 - Changing modify acls groups to: 
2019-06-23 19:35:14 INFO  SecurityManager:54 - SecurityManager: authentication disabled; ui acls disabled; users  with view permissions: Set(ice); groups with view permissions: Set(); users  with modify permissions: Set(ice); groups with modify permissions: Set()
2019-06-23 19:35:14 INFO  ExecutorRunner:54 - Launch command: "/usr/lib/jvm/java-8-oracle//bin/java" "-cp" "/home/ice/spark/conf/:/home/ice/spark/jars/*" "-Xmx1024M" "-Dspark.driver.port=42859" "org.apache.spark.executor.CoarseGrainedExecutorBackend" "--driver-url" "spark://CoarseGrainedScheduler@192.168.0.76:42859" "--executor-id" "2" "--hostname" "192.168.0.76" "--cores" "1" "--app-id" "app-20190623193514-0001" "--worker-url" "spark://Worker@192.168.0.76:34423"
2019-06-23 19:44:31 INFO  Worker:54 - Asked to kill executor app-20190623193514-0001/2
2019-06-23 19:44:31 INFO  ExecutorRunner:54 - Runner thread for executor app-20190623193514-0001/2 interrupted
2019-06-23 19:44:31 INFO  ExecutorRunner:54 - Killing process!
2019-06-23 19:44:31 INFO  Worker:54 - Executor app-20190623193514-0001/2 finished with state KILLED exitStatus 143
2019-06-23 19:44:31 INFO  ExternalShuffleBlockResolver:224 - Clean up non-shuffle files associated with the finished executor 2
2019-06-23 19:44:31 INFO  ExternalShuffleBlockResolver:229 - Executor is not registered (appId=app-20190623193514-0001, execId=2)
2019-06-23 19:44:31 INFO  ExternalShuffleBlockResolver:191 - Application app-20190623193514-0001 removed, cleanupLocalDirs = true
2019-06-23 19:44:31 INFO  Worker:54 - Cleaning up local directories for application app-20190623193514-0001
2019-06-23 19:44:37 INFO  Worker:54 - Asked to launch executor app-20190623194437-0002/2 for Data Fusion edge side
2019-06-23 19:44:37 INFO  SecurityManager:54 - Changing view acls to: ice
2019-06-23 19:44:37 INFO  SecurityManager:54 - Changing modify acls to: ice
2019-06-23 19:44:37 INFO  SecurityManager:54 - Changing view acls groups to: 
2019-06-23 19:44:37 INFO  SecurityManager:54 - Changing modify acls groups to: 
2019-06-23 19:44:37 INFO  SecurityManager:54 - SecurityManager: authentication disabled; ui acls disabled; users  with view permissions: Set(ice); groups with view permissions: Set(); users  with modify permissions: Set(ice); groups with modify permissions: Set()
2019-06-23 19:44:37 INFO  ExecutorRunner:54 - Launch command: "/usr/lib/jvm/java-8-oracle//bin/java" "-cp" "/home/ice/spark/conf/:/home/ice/spark/jars/*" "-Xmx1024M" "-Dspark.driver.port=39305" "org.apache.spark.executor.CoarseGrainedExecutorBackend" "--driver-url" "spark://CoarseGrainedScheduler@192.168.0.76:39305" "--executor-id" "2" "--hostname" "192.168.0.76" "--cores" "1" "--app-id" "app-20190623194437-0002" "--worker-url" "spark://Worker@192.168.0.76:34423"
2019-06-23 20:03:44 INFO  Worker:54 - Asked to kill executor app-20190623194437-0002/2
2019-06-23 20:03:44 INFO  ExecutorRunner:54 - Runner thread for executor app-20190623194437-0002/2 interrupted
2019-06-23 20:03:44 INFO  ExecutorRunner:54 - Killing process!
2019-06-23 20:03:44 INFO  Worker:54 - Executor app-20190623194437-0002/2 finished with state KILLED exitStatus 143
2019-06-23 20:03:44 INFO  ExternalShuffleBlockResolver:224 - Clean up non-shuffle files associated with the finished executor 2
2019-06-23 20:03:44 INFO  ExternalShuffleBlockResolver:229 - Executor is not registered (appId=app-20190623194437-0002, execId=2)
2019-06-23 20:03:44 INFO  ExternalShuffleBlockResolver:191 - Application app-20190623194437-0002 removed, cleanupLocalDirs = true
2019-06-23 20:03:44 INFO  Worker:54 - Cleaning up local directories for application app-20190623194437-0002
2019-06-23 20:03:48 INFO  Worker:54 - Asked to launch executor app-20190623200348-0003/2 for Data Fusion edge side
2019-06-23 20:03:48 INFO  SecurityManager:54 - Changing view acls to: ice
2019-06-23 20:03:48 INFO  SecurityManager:54 - Changing modify acls to: ice
2019-06-23 20:03:48 INFO  SecurityManager:54 - Changing view acls groups to: 
2019-06-23 20:03:48 INFO  SecurityManager:54 - Changing modify acls groups to: 
2019-06-23 20:03:48 INFO  SecurityManager:54 - SecurityManager: authentication disabled; ui acls disabled; users  with view permissions: Set(ice); groups with view permissions: Set(); users  with modify permissions: Set(ice); groups with modify permissions: Set()
2019-06-23 20:03:48 INFO  ExecutorRunner:54 - Launch command: "/usr/lib/jvm/java-8-oracle//bin/java" "-cp" "/home/ice/spark/conf/:/home/ice/spark/jars/*" "-Xmx1024M" "-Dspark.driver.port=42071" "org.apache.spark.executor.CoarseGrainedExecutorBackend" "--driver-url" "spark://CoarseGrainedScheduler@192.168.0.76:42071" "--executor-id" "2" "--hostname" "192.168.0.76" "--cores" "1" "--app-id" "app-20190623200348-0003" "--worker-url" "spark://Worker@192.168.0.76:34423"
2019-06-23 20:13:47 INFO  Worker:54 - Asked to kill executor app-20190623200348-0003/2
2019-06-23 20:13:47 INFO  ExecutorRunner:54 - Runner thread for executor app-20190623200348-0003/2 interrupted
2019-06-23 20:13:47 INFO  ExecutorRunner:54 - Killing process!
2019-06-23 20:13:48 INFO  Worker:54 - Executor app-20190623200348-0003/2 finished with state KILLED exitStatus 143
2019-06-23 20:13:48 INFO  ExternalShuffleBlockResolver:224 - Clean up non-shuffle files associated with the finished executor 2
2019-06-23 20:13:48 INFO  ExternalShuffleBlockResolver:229 - Executor is not registered (appId=app-20190623200348-0003, execId=2)
2019-06-23 20:13:48 INFO  ExternalShuffleBlockResolver:191 - Application app-20190623200348-0003 removed, cleanupLocalDirs = true
2019-06-23 20:13:48 INFO  Worker:54 - Cleaning up local directories for application app-20190623200348-0003
2019-06-23 20:18:51 ERROR Worker:43 - RECEIVED SIGNAL TERM
2019-06-23 20:18:51 INFO  ShutdownHookManager:54 - Shutdown hook called
2019-06-23 20:18:51 INFO  ShutdownHookManager:54 - Deleting directory /tmp/spark-f4039309-80b3-4eb1-b892-c8db4d3cc092
